<?xml version="1.0" encoding="UTF-8"?>
<!-- Generated by org.testng.reporters.JUnitXMLReporter -->
<testsuite ignored="0" hostname="Zeyneps-MBP" failures="0" tests="3" name="Default test" time="32.435" errors="0" timestamp="2021-03-20T14:20:10 EDT">
  <testcase classname="tests.LoginParallelTest" name="createContactsTest" time="0.942"/>
  <testcase classname="tests.LoginParallelTest" name="createContactsTest" time="0.892"/>
  <testcase classname="tests.LoginParallelTest" name="createContactsTest" time="0.933"/>
</testsuite> <!-- Default test -->
